<?xml version="1.0" encoding="UTF-8"?>
<testng-results skipped="0" failed="0" ignored="0" total="1" passed="1">
  <reporter-output>
  </reporter-output>
  <suite name="Default suite" duration-ms="79" started-at="2021-03-08T08:19:16 IST" finished-at="2021-03-08T08:19:16 IST">
    <groups>
    </groups>
    <test name="Default test" duration-ms="79" started-at="2021-03-08T08:19:16 IST" finished-at="2021-03-08T08:19:16 IST">
      <class name="JsonObject.LinentMatchWithJsonObject">
        <test-method status="PASS" signature="matchJsonObject()[pri:0, instance:JsonObject.LinentMatchWithJsonObject@5c5a1b69]" name="matchJsonObject" duration-ms="26" started-at="2021-03-08T08:19:16 IST" finished-at="2021-03-08T08:19:16 IST">
          <reporter-output>
          </reporter-output>
        </test-method> <!-- matchJsonObject -->
      </class> <!-- JsonObject.LinentMatchWithJsonObject -->
    </test> <!-- Default test -->
  </suite> <!-- Default suite -->
</testng-results>
